[6826] 15 Feb 10:58:43.614 # Warning: no config file specified, using the default config. In order to specify a config file use redis-server /path/to/redis.conf
[6826] 15 Feb 10:58:43.616 # Unable to set the max number of files limit to 10032 (Operation not permitted), setting the max clients configuration to 3984.
                _._                                                  
           _.-``__ ''-._                                             
      _.-``    `.  `_.  ''-._           Redis 2.8.4 (00000000/0) 64 bit
  .-`` .-```.  ```\/    _.,_ ''-._                                   
 (    '      ,       .-`  | `,    )     Running in stand alone mode
 |`-._`-...-` __...-.``-._|'` _.-'|     Port: 6379
 |    `-._   `._    /     _.-'    |     PID: 6826
  `-._    `-._  `-./  _.-'    _.-'                                   
 |`-._`-._    `-.__.-'    _.-'_.-'|                                  
 |    `-._`-._        _.-'_.-'    |           http://redis.io        
  `-._    `-._`-.__.-'_.-'    _.-'                                   
 |`-._`-._    `-.__.-'    _.-'_.-'|                                  
 |    `-._`-._        _.-'_.-'    |                                  
  `-._    `-._`-.__.-'_.-'    _.-'                                   
      `-._    `-.__.-'    _.-'                                       
          `-._        _.-'                                           
              `-.__.-'                                               

[6826] 15 Feb 10:58:43.616 # Server started, Redis version 2.8.4
[6826] 15 Feb 10:58:43.616 # WARNING overcommit_memory is set to 0! Background save may fail under low memory condition. To fix this issue add 'vm.overcommit_memory = 1' to /etc/sysctl.conf and then reboot or run the command 'sysctl vm.overcommit_memory=1' for this to take effect.
[6826] 15 Feb 10:58:43.616 * DB loaded from disk: 0.000 seconds
[6826] 15 Feb 10:58:43.616 * The server is now ready to accept connections on port 6379
